  File.cpp
  Test.cpp
C:\Program Files\Microsoft Visual Studio\2022\Community\VC\Tools\MSVC\14.42.34433\include\optional(156,65): warning C4244: '=': conversion from '_Ty' to '_Ty', possible loss of data
C:\Program Files\Microsoft Visual Studio\2022\Community\VC\Tools\MSVC\14.42.34433\include\optional(156,65): warning C4244:         with
C:\Program Files\Microsoft Visual Studio\2022\Community\VC\Tools\MSVC\14.42.34433\include\optional(156,65): warning C4244:         [
C:\Program Files\Microsoft Visual Studio\2022\Community\VC\Tools\MSVC\14.42.34433\include\optional(156,65): warning C4244:             _Ty=double
C:\Program Files\Microsoft Visual Studio\2022\Community\VC\Tools\MSVC\14.42.34433\include\optional(156,65): warning C4244:         ]
C:\Program Files\Microsoft Visual Studio\2022\Community\VC\Tools\MSVC\14.42.34433\include\optional(156,65): warning C4244:         and
C:\Program Files\Microsoft Visual Studio\2022\Community\VC\Tools\MSVC\14.42.34433\include\optional(156,65): warning C4244:         [
C:\Program Files\Microsoft Visual Studio\2022\Community\VC\Tools\MSVC\14.42.34433\include\optional(156,65): warning C4244:             _Ty=float
C:\Program Files\Microsoft Visual Studio\2022\Community\VC\Tools\MSVC\14.42.34433\include\optional(156,65): warning C4244:         ]
  (compiling source file 'Test.cpp')
      C:\Program Files\Microsoft Visual Studio\2022\Community\VC\Tools\MSVC\14.42.34433\include\optional(156,65):
      the template instantiation context (the oldest one first) is
          C:\Users\Pythol\source\repos\Cpp\PyConfig\PyConfig\Test.cpp(63,23):
          see reference to function template instantiation 'std::optional<float> &std::optional<float>::operator =<double,0>(_Ty2 &&) noexcept' being compiled
          with
          [
              _Ty2=double
          ]
              C:\Users\Pythol\source\repos\Cpp\PyConfig\PyConfig\Test.cpp(63,23):
              see the first reference to 'std::optional<float>::operator =' in 'main'
          C:\Program Files\Microsoft Visual Studio\2022\Community\VC\Tools\MSVC\14.42.34433\include\optional(294,15):
          see reference to function template instantiation 'void std::_Optional_construct_base<_Ty>::_Assign<double>(_Ty2 &&) noexcept' being compiled
          with
          [
              _Ty=float,
              _Ty2=double
          ]
  
C:\Program Files\Microsoft Visual Studio\2022\Community\VC\Tools\MSVC\14.42.34433\include\xutility(392,54): warning C4244: 'initializing': conversion from '_Ty' to '_Ty', possible loss of data
C:\Program Files\Microsoft Visual Studio\2022\Community\VC\Tools\MSVC\14.42.34433\include\xutility(392,54): warning C4244:         with
C:\Program Files\Microsoft Visual Studio\2022\Community\VC\Tools\MSVC\14.42.34433\include\xutility(392,54): warning C4244:         [
C:\Program Files\Microsoft Visual Studio\2022\Community\VC\Tools\MSVC\14.42.34433\include\xutility(392,54): warning C4244:             _Ty=double
C:\Program Files\Microsoft Visual Studio\2022\Community\VC\Tools\MSVC\14.42.34433\include\xutility(392,54): warning C4244:         ]
C:\Program Files\Microsoft Visual Studio\2022\Community\VC\Tools\MSVC\14.42.34433\include\xutility(392,54): warning C4244:         and
C:\Program Files\Microsoft Visual Studio\2022\Community\VC\Tools\MSVC\14.42.34433\include\xutility(392,54): warning C4244:         [
C:\Program Files\Microsoft Visual Studio\2022\Community\VC\Tools\MSVC\14.42.34433\include\xutility(392,54): warning C4244:             _Ty=float
C:\Program Files\Microsoft Visual Studio\2022\Community\VC\Tools\MSVC\14.42.34433\include\xutility(392,54): warning C4244:         ]
  (compiling source file 'Test.cpp')
      C:\Program Files\Microsoft Visual Studio\2022\Community\VC\Tools\MSVC\14.42.34433\include\xutility(392,54):
      the template instantiation context (the oldest one first) is
          C:\Program Files\Microsoft Visual Studio\2022\Community\VC\Tools\MSVC\14.42.34433\include\optional(294,15):
          see reference to function template instantiation 'void std::_Optional_construct_base<_Ty>::_Assign<double>(_Ty2 &&) noexcept' being compiled
          with
          [
              _Ty=float,
              _Ty2=double
          ]
          C:\Program Files\Microsoft Visual Studio\2022\Community\VC\Tools\MSVC\14.42.34433\include\optional(158,13):
          see reference to function template instantiation '_Ty &std::_Optional_construct_base<_Ty>::_Construct<double>(double &&) noexcept' being compiled
          with
          [
              _Ty=float
          ]
          C:\Program Files\Microsoft Visual Studio\2022\Community\VC\Tools\MSVC\14.42.34433\include\optional(146,14):
          see reference to function template instantiation 'void std::_Construct_in_place<float,_Ty>(float &,_Ty &&) noexcept' being compiled
          with
          [
              _Ty=double
          ]
          C:\Program Files\Microsoft Visual Studio\2022\Community\VC\Tools\MSVC\14.42.34433\include\xutility(402,14):
          see reference to function template instantiation '_Ty *std::construct_at<_Ty,double>(_Ty *const ,double &&) noexcept(<expr>)' being compiled
          with
          [
              _Ty=float
          ]
  
C:\Program Files\Microsoft Visual Studio\2022\Community\VC\Tools\MSVC\14.42.34433\include\xutility(406,61): warning C4244: 'initializing': conversion from '_Ty' to 'float', possible loss of data
C:\Program Files\Microsoft Visual Studio\2022\Community\VC\Tools\MSVC\14.42.34433\include\xutility(406,61): warning C4244:         with
C:\Program Files\Microsoft Visual Studio\2022\Community\VC\Tools\MSVC\14.42.34433\include\xutility(406,61): warning C4244:         [
C:\Program Files\Microsoft Visual Studio\2022\Community\VC\Tools\MSVC\14.42.34433\include\xutility(406,61): warning C4244:             _Ty=double
C:\Program Files\Microsoft Visual Studio\2022\Community\VC\Tools\MSVC\14.42.34433\include\xutility(406,61): warning C4244:         ]
  (compiling source file 'Test.cpp')
  
C:\Program Files\Microsoft Visual Studio\2022\Community\VC\Tools\MSVC\14.42.34433\include\xutility(393,69): warning C4244: 'initializing': conversion from '_Ty' to '_Ty', possible loss of data
C:\Program Files\Microsoft Visual Studio\2022\Community\VC\Tools\MSVC\14.42.34433\include\xutility(393,69): warning C4244:         with
C:\Program Files\Microsoft Visual Studio\2022\Community\VC\Tools\MSVC\14.42.34433\include\xutility(393,69): warning C4244:         [
C:\Program Files\Microsoft Visual Studio\2022\Community\VC\Tools\MSVC\14.42.34433\include\xutility(393,69): warning C4244:             _Ty=double
C:\Program Files\Microsoft Visual Studio\2022\Community\VC\Tools\MSVC\14.42.34433\include\xutility(393,69): warning C4244:         ]
C:\Program Files\Microsoft Visual Studio\2022\Community\VC\Tools\MSVC\14.42.34433\include\xutility(393,69): warning C4244:         and
C:\Program Files\Microsoft Visual Studio\2022\Community\VC\Tools\MSVC\14.42.34433\include\xutility(393,69): warning C4244:         [
C:\Program Files\Microsoft Visual Studio\2022\Community\VC\Tools\MSVC\14.42.34433\include\xutility(393,69): warning C4244:             _Ty=float
C:\Program Files\Microsoft Visual Studio\2022\Community\VC\Tools\MSVC\14.42.34433\include\xutility(393,69): warning C4244:         ]
  (compiling source file 'Test.cpp')
      C:\Program Files\Microsoft Visual Studio\2022\Community\VC\Tools\MSVC\14.42.34433\include\xutility(393,69):
      the template instantiation context (the oldest one first) is
          C:\Program Files\Microsoft Visual Studio\2022\Community\VC\Tools\MSVC\14.42.34433\include\optional(146,14):
          see reference to function template instantiation 'void std::_Construct_in_place<float,_Ty>(float &,_Ty &&) noexcept' being compiled
          with
          [
              _Ty=double
          ]
          C:\Program Files\Microsoft Visual Studio\2022\Community\VC\Tools\MSVC\14.42.34433\include\xutility(402,14):
          see reference to function template instantiation '_Ty *std::construct_at<_Ty,double>(_Ty *const ,double &&) noexcept' being compiled
          with
          [
              _Ty=float
          ]
  
  Generating Code...
  PyConfig.vcxproj -> C:\Users\Pythol\source\repos\Cpp\PyConfig\x64\Debug\PyConfig.exe
